<?xml version="1.0" encoding="UTF-8"?>
<!-- Generated by org.testng.reporters.JUnitReportReporter -->
<testsuite hostname="BANGTANSONYONDAN" failures="0" tests="1" name="com.herokuapp.theinternet.PositiveTests" time="11.006" errors="0" timestamp="2022-06-27T11:01:25 ART" skipped="0">
  <testcase classname="com.herokuapp.theinternet.PositiveTests" name="loginTest" time="11.006"/>
  <system-out/>
</testsuite> <!-- com.herokuapp.theinternet.PositiveTests -->
