<?xml version="1.0" encoding="UTF-8"?>
<!-- Generated by org.testng.reporters.JUnitReportReporter -->
<testsuite hostname="BANGTANSONYONDAN" failures="0" tests="1" name="com.herokuapp.theinternet.ExceptionTests" time="13.516" errors="0" timestamp="2022-06-27T19:46:13 ART" skipped="0">
  <testcase classname="com.herokuapp.theinternet.ExceptionTests" name="StaleElementException" time="13.516"/>
  <system-out/>
</testsuite> <!-- com.herokuapp.theinternet.ExceptionTests -->
