<?xml version="1.0" encoding="UTF-8"?>
<!-- Generated by org.testng.reporters.JUnitReportReporter -->
<testsuite hostname="BANGTANSONYONDAN" failures="0" tests="1" name="com.herokuapp.theinternet.pruebadb" time="0.056" errors="0" timestamp="2022-12-15T12:53:24 ART" skipped="0">
  <testcase classname="com.herokuapp.theinternet.pruebadb" name="positiveLoginTest" time="0.056"/>
  <system-out/>
</testsuite> <!-- com.herokuapp.theinternet.pruebadb -->
