<?xml version="1.0" encoding="UTF-8"?>
<!-- Generated by org.testng.reporters.JUnitReportReporter -->
<testsuite hostname="BANGTANSONYONDAN" failures="0" tests="4" name="com.herokuapp.theinternet.NegativeTests" time="48.439" errors="0" timestamp="2022-06-27T11:02:28 ART" skipped="0">
  <testcase classname="com.herokuapp.theinternet.NegativeTests" name="incorrectUsername" time="14.895"/>
  <system-out/>
  <testcase classname="com.herokuapp.theinternet.NegativeTests" name="incorrectUsername" time="12.419"/>
  <system-out/>
  <testcase classname="com.herokuapp.theinternet.NegativeTests" name="incorrectPasswordTest" time="11.772"/>
  <system-out/>
  <testcase classname="com.herokuapp.theinternet.NegativeTests" name="incorrectPasswordTest" time="9.353"/>
  <system-out/>
</testsuite> <!-- com.herokuapp.theinternet.NegativeTests -->
